<?xml version="1.0" encoding="UTF-8"?>
<!-- Generated by org.testng.reporters.JUnitReportReporter -->
<testsuite hostname="LAPTOP-PI8L0V0B" failures="0" tests="1" name="test.TestSignUp" time="13.128" errors="0" timestamp="2024-01-07T14:50:32 IST" skipped="0">
  <testcase classname="test.TestSignUp" name="signDetails" time="13.128"/>
  <system-out/>
</testsuite> <!-- test.TestSignUp -->
